<?xml version="1.0" encoding="UTF-8"?>
<robot generator="Robot 4.1.1 (Python 3.10.0 on darwin)" generated="20211019 16:22:35.177" rpa="false" schemaversion="2">
<suite id="s1" name="Prvni" source="/Users/mariansopoliga/PycharmProjects/Prvni projekt/prvni.robot">
<test id="s1-t1" name="Prvni test pozitivní">
<kw name="Run" library="OperatingSystem">
<arg>help</arg>
<doc>Runs the given command in the system and returns the output.</doc>
<msg timestamp="20211019 16:22:35.228" level="INFO">Running command 'help 2&gt;&amp;1'.</msg>
<status status="PASS" starttime="20211019 16:22:35.224" endtime="20211019 16:22:35.229"/>
</kw>
<status status="PASS" starttime="20211019 16:22:35.223" endtime="20211019 16:22:35.230"/>
</test>
<test id="s1-t2" name="Prvni test negativní">
<kw name="Run" library="OperatingSystem">
<arg>help hello</arg>
<doc>Runs the given command in the system and returns the output.</doc>
<msg timestamp="20211019 16:22:35.233" level="INFO">Running command 'help hello 2&gt;&amp;1'.</msg>
<status status="PASS" starttime="20211019 16:22:35.231" endtime="20211019 16:22:35.234"/>
</kw>
<status status="PASS" starttime="20211019 16:22:35.230" endtime="20211019 16:22:35.235"/>
</test>
<status status="PASS" starttime="20211019 16:22:35.180" endtime="20211019 16:22:35.236"/>
</suite>
<statistics>
<total>
<stat pass="2" fail="0" skip="0">All Tests</stat>
</total>
<tag>
</tag>
<suite>
<stat pass="2" fail="0" skip="0" id="s1" name="Prvni">Prvni</stat>
</suite>
</statistics>
<errors>
</errors>
</robot>
