<?xml version="1.0" encoding="UTF-8"?>
<robot generator="Robot 3.1.2 (Python 3.7.3 on win32)" generated="20210519 14:07:32.894" rpa="false">
<suite id="s1" name="CV1 TestLogin01" source="C:\test\jak_automatizovat_testy\Cviceni\CV1_TestLogin01.robot">
<test id="s1-t1" name="Login">
<kw name="Login">
<arguments>
<arg>novak</arg>
<arg>tajnenovak</arg>
<arg>200</arg>
</arguments>
<kw name="Catenate" library="BuiltIn">
<doc>Catenates the given items together and returns the resulted string.</doc>
<arguments>
<arg>{"username":"${username}","password":"${password}","useragent":"Chrome"}</arg>
</arguments>
<assign>
<var>${json_string}</var>
</assign>
<msg timestamp="20210519 14:07:33.094" level="INFO">${json_string} = {"username":"novak","password":"tajnenovak","useragent":"Chrome"}</msg>
<status status="PASS" starttime="20210519 14:07:33.094" endtime="20210519 14:07:33.094"></status>
</kw>
<kw name="Create Dictionary" library="BuiltIn">
<doc>Creates and returns a dictionary based on the given ``items``.</doc>
<arguments>
<arg>Content-Type=application/json</arg>
</arguments>
<assign>
<var>&amp;{header}</var>
</assign>
<msg timestamp="20210519 14:07:33.095" level="INFO">&amp;{header} = { Content-Type=application/json }</msg>
<status status="PASS" starttime="20210519 14:07:33.094" endtime="20210519 14:07:33.095"></status>
</kw>
<kw name="Create Session" library="RequestsLibrary">
<doc>Create Session: create a HTTP session to a server</doc>
<arguments>
<arg>apilogin</arg>
<arg>${url}</arg>
</arguments>
<msg timestamp="20210519 14:07:33.095" level="INFO">Creating Session using : alias=apilogin, url=http://testovani.kitner.cz/, headers={},                     cookies={}, auth=None, timeout=None, proxies=None, verify=False,                     debug=0 </msg>
<status status="PASS" starttime="20210519 14:07:33.095" endtime="20210519 14:07:33.095"></status>
</kw>
<kw name="Post Request" library="RequestsLibrary">
<doc>Send a POST request on the session object found using the
given `alias`</doc>
<arguments>
<arg>apilogin</arg>
<arg>login_app/userauth.php</arg>
<arg>data=${json_string}</arg>
<arg>headers=${header}</arg>
</arguments>
<assign>
<var>${resp}</var>
</assign>
<msg timestamp="20210519 14:07:33.586" level="INFO">POST Request : url=http://testovani.kitner.cz//login_app/userauth.php 
 path_url=//login_app/userauth.php 
 headers={'User-Agent': 'python-requests/2.23.0', 'Accept-Encoding': 'gzip, deflate', 'Accept': '*/*', 'Connection': 'keep-alive', 'Content-Type': 'application/json', 'Content-Length': '65'} 
 body=b'{"username":"novak","password":"tajnenovak","useragent":"Chrome"}' 
 </msg>
<msg timestamp="20210519 14:07:33.587" level="INFO">POST Response : url=http://testovani.kitner.cz//login_app/userauth.php 
 status=200, reason=OK 
 body={"response":"200","reason":"correct","agent":{"browser":"Chrome","version":""}} 
 </msg>
<msg timestamp="20210519 14:07:33.587" level="INFO">${resp} = &lt;Response [200]&gt;</msg>
<status status="PASS" starttime="20210519 14:07:33.095" endtime="20210519 14:07:33.587"></status>
</kw>
<kw name="Log" library="BuiltIn">
<doc>Logs the given message with the given level.</doc>
<arguments>
<arg>Responce: @{resp}</arg>
</arguments>
<msg timestamp="20210519 14:07:33.588" level="INFO">Responce: [b'{"response":"200","reason":"correct","agent":{"browser":"Chrome","version":""}}']</msg>
<status status="PASS" starttime="20210519 14:07:33.587" endtime="20210519 14:07:33.588"></status>
</kw>
<kw name="Should Be Equal As Strings" library="BuiltIn">
<doc>Fails if objects are unequal after converting them to strings.</doc>
<arguments>
<arg>${resp.status_code}</arg>
<arg>200</arg>
</arguments>
<msg timestamp="20210519 14:07:33.589" level="INFO">Argument types are:
&lt;class 'int'&gt;
&lt;type 'unicode'&gt;</msg>
<status status="PASS" starttime="20210519 14:07:33.588" endtime="20210519 14:07:33.589"></status>
</kw>
<kw name="Dictionary Should Contain Key" library="Collections">
<doc>Fails if ``key`` is not found from ``dictionary``.</doc>
<arguments>
<arg>${resp.json()}</arg>
<arg>response</arg>
</arguments>
<status status="PASS" starttime="20210519 14:07:33.589" endtime="20210519 14:07:33.589"></status>
</kw>
<kw name="Dictionary Should Contain Value" library="Collections">
<doc>Fails if ``value`` is not found from ``dictionary``.</doc>
<arguments>
<arg>${resp.json()}</arg>
<arg>${responce_code}</arg>
</arguments>
<status status="PASS" starttime="20210519 14:07:33.590" endtime="20210519 14:07:33.590"></status>
</kw>
<status status="PASS" starttime="20210519 14:07:33.094" endtime="20210519 14:07:33.590"></status>
</kw>
<doc>Uspesne prihlaseni</doc>
<status status="PASS" starttime="20210519 14:07:33.093" endtime="20210519 14:07:33.591" critical="yes"></status>
</test>
<status status="PASS" starttime="20210519 14:07:32.895" endtime="20210519 14:07:33.591"></status>
</suite>
<statistics>
<total>
<stat pass="1" fail="0">Critical Tests</stat>
<stat pass="1" fail="0">All Tests</stat>
</total>
<tag>
</tag>
<suite>
<stat pass="1" fail="0" id="s1" name="CV1 TestLogin01">CV1 TestLogin01</stat>
</suite>
</statistics>
<errors>
</errors>
</robot>
