<?xml version="1.0" encoding="UTF-8"?>
<robot generator="Robot 4.0.2 (Python 3.7.3 on win32)" generated="20210527 15:26:46.657" rpa="false" schemaversion="2">
<suite id="s1" name="CV1 TestLogin01" source="C:\Test\jak_automatizovat_testy\Ucastnici\Gabriela Zakova\CV1_TestLogin01.robot">
<test id="s1-t1" name="Login overeno v KS novak">
<kw name="Login">
<arg>novak</arg>
<arg>tajnenovak</arg>
<arg>200</arg>
<kw name="Catenate" library="BuiltIn">
<var>${json_string}</var>
<arg>{"username":"${username}","password":"${password}","useragent":"Chrome"}</arg>
<doc>Catenates the given items together and returns the resulted string.</doc>
<msg timestamp="20210527 15:26:46.791" level="INFO">${json_string} = {"username":"novak","password":"tajnenovak","useragent":"Chrome"}</msg>
<status status="PASS" starttime="20210527 15:26:46.790" endtime="20210527 15:26:46.791"/>
</kw>
<kw name="Create Dictionary" library="BuiltIn">
<var>&amp;{header}</var>
<arg>Content-Type=application/json</arg>
<doc>Creates and returns a dictionary based on the given ``items``.</doc>
<msg timestamp="20210527 15:26:46.792" level="INFO">&amp;{header} = { Content-Type=application/json }</msg>
<status status="PASS" starttime="20210527 15:26:46.791" endtime="20210527 15:26:46.792"/>
</kw>
<kw name="Create Session" library="RequestsLibrary">
<arg>apilogin</arg>
<arg>${url}</arg>
<doc>Create Session: create a HTTP session to a server</doc>
<msg timestamp="20210527 15:26:46.792" level="INFO">Creating Session using : alias=apilogin, url=http://testovani.kitner.cz/, headers={},                     cookies={}, auth=None, timeout=None, proxies=None, verify=False,                     debug=0 </msg>
<status status="PASS" starttime="20210527 15:26:46.792" endtime="20210527 15:26:46.792"/>
</kw>
<kw name="Post Request" library="RequestsLibrary">
<var>${resp}</var>
<arg>apilogin</arg>
<arg>login_app/userauth.php</arg>
<arg>data=${json_string}</arg>
<arg>headers=${header}</arg>
<doc>*DEPRECATED* Please use `POST On Session` instead.</doc>
<msg timestamp="20210527 15:26:46.792" level="WARN">Keyword 'RequestsLibrary.Post Request' is deprecated. Please use `POST On Session` instead.</msg>
<msg timestamp="20210527 15:26:46.924" level="INFO">POST Request : url=http://testovani.kitner.cz/login_app/userauth.php 
 path_url=/login_app/userauth.php 
 headers={'User-Agent': 'python-requests/2.25.1', 'Accept-Encoding': 'gzip, deflate', 'Accept': '*/*', 'Connection': 'keep-alive', 'Content-Type': 'application/json', 'Content-Length': '65'} 
 body=b'{"username":"novak","password":"tajnenovak","useragent":"Chrome"}' 
 </msg>
<msg timestamp="20210527 15:26:46.924" level="INFO">POST Response : url=http://testovani.kitner.cz/login_app/userauth.php 
 status=200, reason=OK 
 headers={'Server': 'nginx/1.14.2', 'Date': 'Thu, 27 May 2021 13:26:47 GMT', 'Content-Type': 'application/json;charset=utf-8', 'Transfer-Encoding': 'chunked', 'Connection': 'keep-alive', 'X-Powered-By': 'PHP/7.3.27-1~deb10u1', 'Expires': 'Thu, 19 Nov 1981 08:52:00 GMT', 'Cache-Control': 'no-store, no-cache, must-revalidate', 'Pragma': 'no-cache', 'Set-Cookie': 'PHPSESSID=83dcb7deb21f33ec6d7b5c1cb93d0d4f; path=/'} 
 body={"response":"200","reason":"correct","agent":{"browser":"Chrome","version":""}} 
 </msg>
<msg timestamp="20210527 15:26:46.924" level="INFO">${resp} = &lt;Response [200]&gt;</msg>
<status status="PASS" starttime="20210527 15:26:46.792" endtime="20210527 15:26:46.924"/>
</kw>
<kw name="Log" library="BuiltIn">
<arg>Responce: @{resp}</arg>
<doc>Logs the given message with the given level.</doc>
<msg timestamp="20210527 15:26:46.926" level="INFO">Responce: [b'{"response":"200","reason":"correct","agent":{"browser":"Chrome","version":""}}']</msg>
<status status="PASS" starttime="20210527 15:26:46.925" endtime="20210527 15:26:46.926"/>
</kw>
<kw name="Should Be Equal As Strings" library="BuiltIn">
<arg>${resp.status_code}</arg>
<arg>200</arg>
<doc>Fails if objects are unequal after converting them to strings.</doc>
<msg timestamp="20210527 15:26:46.928" level="INFO">Argument types are:
&lt;class 'int'&gt;
&lt;type 'unicode'&gt;</msg>
<status status="PASS" starttime="20210527 15:26:46.926" endtime="20210527 15:26:46.928"/>
</kw>
<kw name="Dictionary Should Contain Key" library="Collections">
<arg>${resp.json()}</arg>
<arg>response</arg>
<doc>Fails if ``key`` is not found from ``dictionary``.</doc>
<status status="PASS" starttime="20210527 15:26:46.928" endtime="20210527 15:26:46.930"/>
</kw>
<kw name="Dictionary Should Contain Value" library="Collections">
<arg>${resp.json()}</arg>
<arg>${responce_code}</arg>
<doc>Fails if ``value`` is not found from ``dictionary``.</doc>
<status status="PASS" starttime="20210527 15:26:46.930" endtime="20210527 15:26:46.932"/>
</kw>
<status status="PASS" starttime="20210527 15:26:46.790" endtime="20210527 15:26:46.933"/>
</kw>
<doc>Uspesne prihlaseni s vnorenym navratovym kodem</doc>
<status status="PASS" starttime="20210527 15:26:46.789" endtime="20210527 15:26:46.933"/>
</test>
<test id="s1-t2" name="Login overeno v KS admin">
<kw name="Login">
<arg>admin</arg>
<arg>tajneadmin</arg>
<arg>200</arg>
<kw name="Catenate" library="BuiltIn">
<var>${json_string}</var>
<arg>{"username":"${username}","password":"${password}","useragent":"Chrome"}</arg>
<doc>Catenates the given items together and returns the resulted string.</doc>
<msg timestamp="20210527 15:26:46.938" level="INFO">${json_string} = {"username":"admin","password":"tajneadmin","useragent":"Chrome"}</msg>
<status status="PASS" starttime="20210527 15:26:46.937" endtime="20210527 15:26:46.938"/>
</kw>
<kw name="Create Dictionary" library="BuiltIn">
<var>&amp;{header}</var>
<arg>Content-Type=application/json</arg>
<doc>Creates and returns a dictionary based on the given ``items``.</doc>
<msg timestamp="20210527 15:26:46.938" level="INFO">&amp;{header} = { Content-Type=application/json }</msg>
<status status="PASS" starttime="20210527 15:26:46.938" endtime="20210527 15:26:46.938"/>
</kw>
<kw name="Create Session" library="RequestsLibrary">
<arg>apilogin</arg>
<arg>${url}</arg>
<doc>Create Session: create a HTTP session to a server</doc>
<msg timestamp="20210527 15:26:46.939" level="INFO">Creating Session using : alias=apilogin, url=http://testovani.kitner.cz/, headers={},                     cookies={}, auth=None, timeout=None, proxies=None, verify=False,                     debug=0 </msg>
<status status="PASS" starttime="20210527 15:26:46.939" endtime="20210527 15:26:46.939"/>
</kw>
<kw name="Post Request" library="RequestsLibrary">
<var>${resp}</var>
<arg>apilogin</arg>
<arg>login_app/userauth.php</arg>
<arg>data=${json_string}</arg>
<arg>headers=${header}</arg>
<doc>*DEPRECATED* Please use `POST On Session` instead.</doc>
<msg timestamp="20210527 15:26:46.939" level="WARN">Keyword 'RequestsLibrary.Post Request' is deprecated. Please use `POST On Session` instead.</msg>
<msg timestamp="20210527 15:26:46.988" level="INFO">POST Request : url=http://testovani.kitner.cz/login_app/userauth.php 
 path_url=/login_app/userauth.php 
 headers={'User-Agent': 'python-requests/2.25.1', 'Accept-Encoding': 'gzip, deflate', 'Accept': '*/*', 'Connection': 'keep-alive', 'Content-Type': 'application/json', 'Content-Length': '65'} 
 body=b'{"username":"admin","password":"tajneadmin","useragent":"Chrome"}' 
 </msg>
<msg timestamp="20210527 15:26:46.988" level="INFO">POST Response : url=http://testovani.kitner.cz/login_app/userauth.php 
 status=200, reason=OK 
 headers={'Server': 'nginx/1.14.2', 'Date': 'Thu, 27 May 2021 13:26:47 GMT', 'Content-Type': 'application/json;charset=utf-8', 'Transfer-Encoding': 'chunked', 'Connection': 'keep-alive', 'X-Powered-By': 'PHP/7.3.27-1~deb10u1', 'Expires': 'Thu, 19 Nov 1981 08:52:00 GMT', 'Cache-Control': 'no-store, no-cache, must-revalidate', 'Pragma': 'no-cache', 'Set-Cookie': 'PHPSESSID=40acf4937a269f247afba045d510e05c; path=/'} 
 body={"response":"200","reason":"correct","agent":{"browser":"Chrome","version":""}} 
 </msg>
<msg timestamp="20210527 15:26:46.988" level="INFO">${resp} = &lt;Response [200]&gt;</msg>
<status status="PASS" starttime="20210527 15:26:46.939" endtime="20210527 15:26:46.988"/>
</kw>
<kw name="Log" library="BuiltIn">
<arg>Responce: @{resp}</arg>
<doc>Logs the given message with the given level.</doc>
<msg timestamp="20210527 15:26:46.989" level="INFO">Responce: [b'{"response":"200","reason":"correct","agent":{"browser":"Chrome","version":""}}']</msg>
<status status="PASS" starttime="20210527 15:26:46.988" endtime="20210527 15:26:46.989"/>
</kw>
<kw name="Should Be Equal As Strings" library="BuiltIn">
<arg>${resp.status_code}</arg>
<arg>200</arg>
<doc>Fails if objects are unequal after converting them to strings.</doc>
<msg timestamp="20210527 15:26:46.989" level="INFO">Argument types are:
&lt;class 'int'&gt;
&lt;type 'unicode'&gt;</msg>
<status status="PASS" starttime="20210527 15:26:46.989" endtime="20210527 15:26:46.990"/>
</kw>
<kw name="Dictionary Should Contain Key" library="Collections">
<arg>${resp.json()}</arg>
<arg>response</arg>
<doc>Fails if ``key`` is not found from ``dictionary``.</doc>
<status status="PASS" starttime="20210527 15:26:46.990" endtime="20210527 15:26:46.990"/>
</kw>
<kw name="Dictionary Should Contain Value" library="Collections">
<arg>${resp.json()}</arg>
<arg>${responce_code}</arg>
<doc>Fails if ``value`` is not found from ``dictionary``.</doc>
<status status="PASS" starttime="20210527 15:26:46.990" endtime="20210527 15:26:46.991"/>
</kw>
<status status="PASS" starttime="20210527 15:26:46.937" endtime="20210527 15:26:46.991"/>
</kw>
<doc>Uspesne prihlaseni s vnorenym navratovym kodem</doc>
<status status="PASS" starttime="20210527 15:26:46.936" endtime="20210527 15:26:46.992"/>
</test>
<test id="s1-t3" name="Login overeno v KS negativni novak">
<kw name="Login">
<arg>novak</arg>
<arg>tajnenXovak</arg>
<arg>403</arg>
<kw name="Catenate" library="BuiltIn">
<var>${json_string}</var>
<arg>{"username":"${username}","password":"${password}","useragent":"Chrome"}</arg>
<doc>Catenates the given items together and returns the resulted string.</doc>
<msg timestamp="20210527 15:26:46.996" level="INFO">${json_string} = {"username":"novak","password":"tajnenXovak","useragent":"Chrome"}</msg>
<status status="PASS" starttime="20210527 15:26:46.996" endtime="20210527 15:26:46.996"/>
</kw>
<kw name="Create Dictionary" library="BuiltIn">
<var>&amp;{header}</var>
<arg>Content-Type=application/json</arg>
<doc>Creates and returns a dictionary based on the given ``items``.</doc>
<msg timestamp="20210527 15:26:46.997" level="INFO">&amp;{header} = { Content-Type=application/json }</msg>
<status status="PASS" starttime="20210527 15:26:46.996" endtime="20210527 15:26:46.997"/>
</kw>
<kw name="Create Session" library="RequestsLibrary">
<arg>apilogin</arg>
<arg>${url}</arg>
<doc>Create Session: create a HTTP session to a server</doc>
<msg timestamp="20210527 15:26:46.997" level="INFO">Creating Session using : alias=apilogin, url=http://testovani.kitner.cz/, headers={},                     cookies={}, auth=None, timeout=None, proxies=None, verify=False,                     debug=0 </msg>
<status status="PASS" starttime="20210527 15:26:46.997" endtime="20210527 15:26:46.997"/>
</kw>
<kw name="Post Request" library="RequestsLibrary">
<var>${resp}</var>
<arg>apilogin</arg>
<arg>login_app/userauth.php</arg>
<arg>data=${json_string}</arg>
<arg>headers=${header}</arg>
<doc>*DEPRECATED* Please use `POST On Session` instead.</doc>
<msg timestamp="20210527 15:26:46.997" level="WARN">Keyword 'RequestsLibrary.Post Request' is deprecated. Please use `POST On Session` instead.</msg>
<msg timestamp="20210527 15:26:47.040" level="INFO">POST Request : url=http://testovani.kitner.cz/login_app/userauth.php 
 path_url=/login_app/userauth.php 
 headers={'User-Agent': 'python-requests/2.25.1', 'Accept-Encoding': 'gzip, deflate', 'Accept': '*/*', 'Connection': 'keep-alive', 'Content-Type': 'application/json', 'Content-Length': '66'} 
 body=b'{"username":"novak","password":"tajnenXovak","useragent":"Chrome"}' 
 </msg>
<msg timestamp="20210527 15:26:47.040" level="INFO">POST Response : url=http://testovani.kitner.cz/login_app/userauth.php 
 status=200, reason=OK 
 headers={'Server': 'nginx/1.14.2', 'Date': 'Thu, 27 May 2021 13:26:47 GMT', 'Content-Type': 'application/json;charset=utf-8', 'Transfer-Encoding': 'chunked', 'Connection': 'keep-alive', 'X-Powered-By': 'PHP/7.3.27-1~deb10u1', 'Expires': 'Thu, 19 Nov 1981 08:52:00 GMT', 'Cache-Control': 'no-store, no-cache, must-revalidate', 'Pragma': 'no-cache', 'Set-Cookie': 'PHPSESSID=efbc2c356bcd504ec9e762c618526e6f; path=/'} 
 body={"response":"403","reason":"spatne heslo","agent":{"browser":"Chrome","version":""}} 
 </msg>
<msg timestamp="20210527 15:26:47.040" level="INFO">${resp} = &lt;Response [200]&gt;</msg>
<status status="PASS" starttime="20210527 15:26:46.997" endtime="20210527 15:26:47.040"/>
</kw>
<kw name="Log" library="BuiltIn">
<arg>Responce: @{resp}</arg>
<doc>Logs the given message with the given level.</doc>
<msg timestamp="20210527 15:26:47.040" level="INFO">Responce: [b'{"response":"403","reason":"spatne heslo","agent":{"browser":"Chrome","version":""}}']</msg>
<status status="PASS" starttime="20210527 15:26:47.040" endtime="20210527 15:26:47.040"/>
</kw>
<kw name="Should Be Equal As Strings" library="BuiltIn">
<arg>${resp.status_code}</arg>
<arg>200</arg>
<doc>Fails if objects are unequal after converting them to strings.</doc>
<msg timestamp="20210527 15:26:47.041" level="INFO">Argument types are:
&lt;class 'int'&gt;
&lt;type 'unicode'&gt;</msg>
<status status="PASS" starttime="20210527 15:26:47.040" endtime="20210527 15:26:47.041"/>
</kw>
<kw name="Dictionary Should Contain Key" library="Collections">
<arg>${resp.json()}</arg>
<arg>response</arg>
<doc>Fails if ``key`` is not found from ``dictionary``.</doc>
<status status="PASS" starttime="20210527 15:26:47.041" endtime="20210527 15:26:47.043"/>
</kw>
<kw name="Dictionary Should Contain Value" library="Collections">
<arg>${resp.json()}</arg>
<arg>${responce_code}</arg>
<doc>Fails if ``value`` is not found from ``dictionary``.</doc>
<status status="PASS" starttime="20210527 15:26:47.043" endtime="20210527 15:26:47.044"/>
</kw>
<status status="PASS" starttime="20210527 15:26:46.995" endtime="20210527 15:26:47.044"/>
</kw>
<doc>Neuspesne prihlaseni s vnorenym navratovym kodem</doc>
<status status="PASS" starttime="20210527 15:26:46.994" endtime="20210527 15:26:47.045"/>
</test>
<test id="s1-t4" name="Login overeno v KS negativni admin">
<kw name="Login">
<arg>adminX</arg>
<arg>tajnenadmin</arg>
<arg>403</arg>
<kw name="Catenate" library="BuiltIn">
<var>${json_string}</var>
<arg>{"username":"${username}","password":"${password}","useragent":"Chrome"}</arg>
<doc>Catenates the given items together and returns the resulted string.</doc>
<msg timestamp="20210527 15:26:47.047" level="INFO">${json_string} = {"username":"adminX","password":"tajnenadmin","useragent":"Chrome"}</msg>
<status status="PASS" starttime="20210527 15:26:47.047" endtime="20210527 15:26:47.047"/>
</kw>
<kw name="Create Dictionary" library="BuiltIn">
<var>&amp;{header}</var>
<arg>Content-Type=application/json</arg>
<doc>Creates and returns a dictionary based on the given ``items``.</doc>
<msg timestamp="20210527 15:26:47.048" level="INFO">&amp;{header} = { Content-Type=application/json }</msg>
<status status="PASS" starttime="20210527 15:26:47.048" endtime="20210527 15:26:47.048"/>
</kw>
<kw name="Create Session" library="RequestsLibrary">
<arg>apilogin</arg>
<arg>${url}</arg>
<doc>Create Session: create a HTTP session to a server</doc>
<msg timestamp="20210527 15:26:47.048" level="INFO">Creating Session using : alias=apilogin, url=http://testovani.kitner.cz/, headers={},                     cookies={}, auth=None, timeout=None, proxies=None, verify=False,                     debug=0 </msg>
<status status="PASS" starttime="20210527 15:26:47.048" endtime="20210527 15:26:47.049"/>
</kw>
<kw name="Post Request" library="RequestsLibrary">
<var>${resp}</var>
<arg>apilogin</arg>
<arg>login_app/userauth.php</arg>
<arg>data=${json_string}</arg>
<arg>headers=${header}</arg>
<doc>*DEPRECATED* Please use `POST On Session` instead.</doc>
<msg timestamp="20210527 15:26:47.049" level="WARN">Keyword 'RequestsLibrary.Post Request' is deprecated. Please use `POST On Session` instead.</msg>
<msg timestamp="20210527 15:26:47.093" level="INFO">POST Request : url=http://testovani.kitner.cz/login_app/userauth.php 
 path_url=/login_app/userauth.php 
 headers={'User-Agent': 'python-requests/2.25.1', 'Accept-Encoding': 'gzip, deflate', 'Accept': '*/*', 'Connection': 'keep-alive', 'Content-Type': 'application/json', 'Content-Length': '67'} 
 body=b'{"username":"adminX","password":"tajnenadmin","useragent":"Chrome"}' 
 </msg>
<msg timestamp="20210527 15:26:47.093" level="INFO">POST Response : url=http://testovani.kitner.cz/login_app/userauth.php 
 status=200, reason=OK 
 headers={'Server': 'nginx/1.14.2', 'Date': 'Thu, 27 May 2021 13:26:47 GMT', 'Content-Type': 'application/json;charset=utf-8', 'Transfer-Encoding': 'chunked', 'Connection': 'keep-alive', 'X-Powered-By': 'PHP/7.3.27-1~deb10u1', 'Expires': 'Thu, 19 Nov 1981 08:52:00 GMT', 'Cache-Control': 'no-store, no-cache, must-revalidate', 'Pragma': 'no-cache', 'Set-Cookie': 'PHPSESSID=6fd3cc6a8c126d506170ce13b84473c0; path=/'} 
 body={"response":"403","reason":"neexistujici uzivatel","agent":{"browser":"Chrome","version":""}} 
 </msg>
<msg timestamp="20210527 15:26:47.093" level="INFO">${resp} = &lt;Response [200]&gt;</msg>
<status status="PASS" starttime="20210527 15:26:47.049" endtime="20210527 15:26:47.093"/>
</kw>
<kw name="Log" library="BuiltIn">
<arg>Responce: @{resp}</arg>
<doc>Logs the given message with the given level.</doc>
<msg timestamp="20210527 15:26:47.095" level="INFO">Responce: [b'{"response":"403","reason":"neexistujici uzivatel","agent":{"browser":"Chrome","version":""}}']</msg>
<status status="PASS" starttime="20210527 15:26:47.095" endtime="20210527 15:26:47.095"/>
</kw>
<kw name="Should Be Equal As Strings" library="BuiltIn">
<arg>${resp.status_code}</arg>
<arg>200</arg>
<doc>Fails if objects are unequal after converting them to strings.</doc>
<msg timestamp="20210527 15:26:47.096" level="INFO">Argument types are:
&lt;class 'int'&gt;
&lt;type 'unicode'&gt;</msg>
<status status="PASS" starttime="20210527 15:26:47.095" endtime="20210527 15:26:47.096"/>
</kw>
<kw name="Dictionary Should Contain Key" library="Collections">
<arg>${resp.json()}</arg>
<arg>response</arg>
<doc>Fails if ``key`` is not found from ``dictionary``.</doc>
<status status="PASS" starttime="20210527 15:26:47.096" endtime="20210527 15:26:47.097"/>
</kw>
<kw name="Dictionary Should Contain Value" library="Collections">
<arg>${resp.json()}</arg>
<arg>${responce_code}</arg>
<doc>Fails if ``value`` is not found from ``dictionary``.</doc>
<status status="PASS" starttime="20210527 15:26:47.097" endtime="20210527 15:26:47.097"/>
</kw>
<status status="PASS" starttime="20210527 15:26:47.047" endtime="20210527 15:26:47.098"/>
</kw>
<doc>Neuspesne prihlaseni s vnorenym navratovym kodem</doc>
<status status="PASS" starttime="20210527 15:26:47.046" endtime="20210527 15:26:47.098"/>
</test>
<test id="s1-t5" name="Login overeni po akci">
<kw name="Login_V2">
<var>${data}</var>
<arg>novak</arg>
<arg>tajnenovak</arg>
<kw name="Catenate" library="BuiltIn">
<var>${json_string}</var>
<arg>{"username":"${username}","password":"${password}","useragent":"Chrome"}</arg>
<doc>Catenates the given items together and returns the resulted string.</doc>
<msg timestamp="20210527 15:26:47.102" level="INFO">${json_string} = {"username":"novak","password":"tajnenovak","useragent":"Chrome"}</msg>
<status status="PASS" starttime="20210527 15:26:47.101" endtime="20210527 15:26:47.102"/>
</kw>
<kw name="Create Dictionary" library="BuiltIn">
<var>&amp;{header}</var>
<arg>Content-Type=application/json</arg>
<doc>Creates and returns a dictionary based on the given ``items``.</doc>
<msg timestamp="20210527 15:26:47.102" level="INFO">&amp;{header} = { Content-Type=application/json }</msg>
<status status="PASS" starttime="20210527 15:26:47.102" endtime="20210527 15:26:47.102"/>
</kw>
<kw name="Create Session" library="RequestsLibrary">
<arg>apilogin</arg>
<arg>${url}</arg>
<doc>Create Session: create a HTTP session to a server</doc>
<msg timestamp="20210527 15:26:47.102" level="INFO">Creating Session using : alias=apilogin, url=http://testovani.kitner.cz/, headers={},                     cookies={}, auth=None, timeout=None, proxies=None, verify=False,                     debug=0 </msg>
<status status="PASS" starttime="20210527 15:26:47.102" endtime="20210527 15:26:47.102"/>
</kw>
<kw name="Post Request" library="RequestsLibrary">
<var>${resp}</var>
<arg>apilogin</arg>
<arg>login_app/userauth.php</arg>
<arg>data=${json_string}</arg>
<arg>headers=${header}</arg>
<doc>*DEPRECATED* Please use `POST On Session` instead.</doc>
<msg timestamp="20210527 15:26:47.102" level="WARN">Keyword 'RequestsLibrary.Post Request' is deprecated. Please use `POST On Session` instead.</msg>
<msg timestamp="20210527 15:26:47.133" level="INFO">POST Request : url=http://testovani.kitner.cz/login_app/userauth.php 
 path_url=/login_app/userauth.php 
 headers={'User-Agent': 'python-requests/2.25.1', 'Accept-Encoding': 'gzip, deflate', 'Accept': '*/*', 'Connection': 'keep-alive', 'Content-Type': 'application/json', 'Content-Length': '65'} 
 body=b'{"username":"novak","password":"tajnenovak","useragent":"Chrome"}' 
 </msg>
<msg timestamp="20210527 15:26:47.133" level="INFO">POST Response : url=http://testovani.kitner.cz/login_app/userauth.php 
 status=200, reason=OK 
 headers={'Server': 'nginx/1.14.2', 'Date': 'Thu, 27 May 2021 13:26:47 GMT', 'Content-Type': 'application/json;charset=utf-8', 'Transfer-Encoding': 'chunked', 'Connection': 'keep-alive', 'X-Powered-By': 'PHP/7.3.27-1~deb10u1', 'Expires': 'Thu, 19 Nov 1981 08:52:00 GMT', 'Cache-Control': 'no-store, no-cache, must-revalidate', 'Pragma': 'no-cache', 'Set-Cookie': 'PHPSESSID=166183e96713fbe04af3778a24937c40; path=/'} 
 body={"response":"200","reason":"correct","agent":{"browser":"Chrome","version":""}} 
 </msg>
<msg timestamp="20210527 15:26:47.133" level="INFO">${resp} = &lt;Response [200]&gt;</msg>
<status status="PASS" starttime="20210527 15:26:47.102" endtime="20210527 15:26:47.133"/>
</kw>
<kw name="Log" library="BuiltIn">
<arg>Responce: @{resp}</arg>
<doc>Logs the given message with the given level.</doc>
<msg timestamp="20210527 15:26:47.133" level="INFO">Responce: [b'{"response":"200","reason":"correct","agent":{"browser":"Chrome","version":""}}']</msg>
<status status="PASS" starttime="20210527 15:26:47.133" endtime="20210527 15:26:47.133"/>
</kw>
<msg timestamp="20210527 15:26:47.133" level="INFO">${data} = {'response': '200', 'reason': 'correct', 'agent': {'browser': 'Chrome', 'version': ''}}</msg>
<status status="PASS" starttime="20210527 15:26:47.101" endtime="20210527 15:26:47.133"/>
</kw>
<kw name="Dictionary Should Contain Value" library="Collections">
<arg>${data}</arg>
<arg>200</arg>
<doc>Fails if ``value`` is not found from ``dictionary``.</doc>
<status status="PASS" starttime="20210527 15:26:47.133" endtime="20210527 15:26:47.133"/>
</kw>
<doc>Uspesne prihlaseni s navratovym kodem po akci</doc>
<status status="PASS" starttime="20210527 15:26:47.100" endtime="20210527 15:26:47.149"/>
</test>
<test id="s1-t6" name="Login overeni po akci">
<kw name="Login_V2">
<var>${data}</var>
<arg>admin</arg>
<arg>tajneadmin</arg>
<kw name="Catenate" library="BuiltIn">
<var>${json_string}</var>
<arg>{"username":"${username}","password":"${password}","useragent":"Chrome"}</arg>
<doc>Catenates the given items together and returns the resulted string.</doc>
<msg timestamp="20210527 15:26:47.150" level="INFO">${json_string} = {"username":"admin","password":"tajneadmin","useragent":"Chrome"}</msg>
<status status="PASS" starttime="20210527 15:26:47.150" endtime="20210527 15:26:47.150"/>
</kw>
<kw name="Create Dictionary" library="BuiltIn">
<var>&amp;{header}</var>
<arg>Content-Type=application/json</arg>
<doc>Creates and returns a dictionary based on the given ``items``.</doc>
<msg timestamp="20210527 15:26:47.150" level="INFO">&amp;{header} = { Content-Type=application/json }</msg>
<status status="PASS" starttime="20210527 15:26:47.150" endtime="20210527 15:26:47.150"/>
</kw>
<kw name="Create Session" library="RequestsLibrary">
<arg>apilogin</arg>
<arg>${url}</arg>
<doc>Create Session: create a HTTP session to a server</doc>
<msg timestamp="20210527 15:26:47.150" level="INFO">Creating Session using : alias=apilogin, url=http://testovani.kitner.cz/, headers={},                     cookies={}, auth=None, timeout=None, proxies=None, verify=False,                     debug=0 </msg>
<status status="PASS" starttime="20210527 15:26:47.150" endtime="20210527 15:26:47.150"/>
</kw>
<kw name="Post Request" library="RequestsLibrary">
<var>${resp}</var>
<arg>apilogin</arg>
<arg>login_app/userauth.php</arg>
<arg>data=${json_string}</arg>
<arg>headers=${header}</arg>
<doc>*DEPRECATED* Please use `POST On Session` instead.</doc>
<msg timestamp="20210527 15:26:47.150" level="WARN">Keyword 'RequestsLibrary.Post Request' is deprecated. Please use `POST On Session` instead.</msg>
<msg timestamp="20210527 15:26:47.197" level="INFO">POST Request : url=http://testovani.kitner.cz/login_app/userauth.php 
 path_url=/login_app/userauth.php 
 headers={'User-Agent': 'python-requests/2.25.1', 'Accept-Encoding': 'gzip, deflate', 'Accept': '*/*', 'Connection': 'keep-alive', 'Content-Type': 'application/json', 'Content-Length': '65'} 
 body=b'{"username":"admin","password":"tajneadmin","useragent":"Chrome"}' 
 </msg>
<msg timestamp="20210527 15:26:47.197" level="INFO">POST Response : url=http://testovani.kitner.cz/login_app/userauth.php 
 status=200, reason=OK 
 headers={'Server': 'nginx/1.14.2', 'Date': 'Thu, 27 May 2021 13:26:47 GMT', 'Content-Type': 'application/json;charset=utf-8', 'Transfer-Encoding': 'chunked', 'Connection': 'keep-alive', 'X-Powered-By': 'PHP/7.3.27-1~deb10u1', 'Expires': 'Thu, 19 Nov 1981 08:52:00 GMT', 'Cache-Control': 'no-store, no-cache, must-revalidate', 'Pragma': 'no-cache', 'Set-Cookie': 'PHPSESSID=efc85de16f23aa87a83b169c041dbe14; path=/'} 
 body={"response":"200","reason":"correct","agent":{"browser":"Chrome","version":""}} 
 </msg>
<msg timestamp="20210527 15:26:47.197" level="INFO">${resp} = &lt;Response [200]&gt;</msg>
<status status="PASS" starttime="20210527 15:26:47.150" endtime="20210527 15:26:47.197"/>
</kw>
<kw name="Log" library="BuiltIn">
<arg>Responce: @{resp}</arg>
<doc>Logs the given message with the given level.</doc>
<msg timestamp="20210527 15:26:47.197" level="INFO">Responce: [b'{"response":"200","reason":"correct","agent":{"browser":"Chrome","version":""}}']</msg>
<status status="PASS" starttime="20210527 15:26:47.197" endtime="20210527 15:26:47.197"/>
</kw>
<msg timestamp="20210527 15:26:47.198" level="INFO">${data} = {'response': '200', 'reason': 'correct', 'agent': {'browser': 'Chrome', 'version': ''}}</msg>
<status status="PASS" starttime="20210527 15:26:47.150" endtime="20210527 15:26:47.198"/>
</kw>
<kw name="Dictionary Should Contain Value" library="Collections">
<arg>${data}</arg>
<arg>200</arg>
<doc>Fails if ``value`` is not found from ``dictionary``.</doc>
<status status="PASS" starttime="20210527 15:26:47.198" endtime="20210527 15:26:47.199"/>
</kw>
<doc>Uspesne prihlaseni s navratovym kodem po akci</doc>
<status status="PASS" starttime="20210527 15:26:47.150" endtime="20210527 15:26:47.201"/>
</test>
<status status="PASS" starttime="20210527 15:26:46.659" endtime="20210527 15:26:47.205"/>
</suite>
<statistics>
<total>
<stat pass="6" fail="0" skip="0">All Tests</stat>
</total>
<tag>
</tag>
<suite>
<stat pass="6" fail="0" skip="0" id="s1" name="CV1 TestLogin01">CV1 TestLogin01</stat>
</suite>
</statistics>
<errors>
<msg timestamp="20210527 15:26:46.792" level="WARN">Keyword 'RequestsLibrary.Post Request' is deprecated. Please use `POST On Session` instead.</msg>
<msg timestamp="20210527 15:26:46.939" level="WARN">Keyword 'RequestsLibrary.Post Request' is deprecated. Please use `POST On Session` instead.</msg>
<msg timestamp="20210527 15:26:46.997" level="WARN">Keyword 'RequestsLibrary.Post Request' is deprecated. Please use `POST On Session` instead.</msg>
<msg timestamp="20210527 15:26:47.049" level="WARN">Keyword 'RequestsLibrary.Post Request' is deprecated. Please use `POST On Session` instead.</msg>
<msg timestamp="20210527 15:26:47.102" level="WARN">Keyword 'RequestsLibrary.Post Request' is deprecated. Please use `POST On Session` instead.</msg>
<msg timestamp="20210527 15:26:47.150" level="WARN">Multiple test cases with name 'Login overeni po akci' executed in test suite 'CV1 TestLogin01'.</msg>
<msg timestamp="20210527 15:26:47.150" level="WARN">Keyword 'RequestsLibrary.Post Request' is deprecated. Please use `POST On Session` instead.</msg>
</errors>
</robot>
