<?xml version="1.0" encoding="UTF-8"?>
<robot generator="Robot 4.0.3 (Python 3.9.5 on win32)" generated="20210623 13:57:03.943" rpa="false" schemaversion="2">
<suite id="s1" name="Projekt" source="D:\testování\kurz2\jak_automatizovat_testy-main\Ucastnici\Gabriela Zakova\lekce5\projekt.robot">
<test id="s1-t1" name="Prihlaseni success">
<kw name="Pred_testem" type="SETUP">
<kw name="Set Browser Timeout" library="Browser">
<var>${b_timeput}</var>
<arg>60</arg>
<tag>Config</tag>
<tag>Setter</tag>
<doc>Sets the timeout used by most input and getter keywords.</doc>
<msg timestamp="20210623 13:57:08.317" level="INFO">${b_timeput} = 10 seconds</msg>
<status status="PASS" starttime="20210623 13:57:08.276" endtime="20210623 13:57:08.317"/>
</kw>
<kw name="Log" library="BuiltIn">
<arg>${b_timeput}</arg>
<doc>Logs the given message with the given level.</doc>
<msg timestamp="20210623 13:57:08.318" level="INFO">10 seconds</msg>
<status status="PASS" starttime="20210623 13:57:08.317" endtime="20210623 13:57:08.318"/>
</kw>
<kw name="Open Browser" library="Browser">
<arg>${URL}</arg>
<tag>BrowserControl</tag>
<tag>Setter</tag>
<doc>Opens a new browser instance. Use this keyword for quick experiments or debugging sessions.
Use `New Page` directly instead of `Open Browser` for production and automated execution.
See `Browser, Context and Page` for more information about Browser and related concepts.</doc>
<msg timestamp="20210623 13:57:08.319" level="WARN">Open Browser is for quick experimentation and debugging only. Use New Page for production.</msg>
<msg timestamp="20210623 13:57:08.328" level="INFO">{"browser": "chromium", "headless": false, "handleSIGINT": true, "handleSIGTERM": true, "handleSIGHUP": true, "timeout": 30000.0, "devtools": false, "slowMo": 0.0}</msg>
<msg timestamp="20210623 13:57:11.567" level="INFO">Successfully created browser with options: {"browser":"chromium","headless":false,"handleSIGINT":true,"handleSIGTERM":true,"handleSIGHUP":true,"timeout":30000,"devtools":false,"slowMo":0}</msg>
<msg timestamp="20210623 13:57:11.568" level="INFO">{"acceptDownloads": false, "ignoreHTTPSErrors": false, "bypassCSP": false, "deviceScaleFactor": 1.0, "isMobile": false, "hasTouch": false, "javaScriptEnabled": true, "offline": false, "hideRfBrowser": false}</msg>
<msg timestamp="20210623 13:57:11.671" level="INFO">Successfully created context with  options:
{"acceptDownloads": false, "ignoreHTTPSErrors": false, "bypassCSP": false, "deviceScaleFactor": 1, "isMobile": false, "hasTouch": false, "javaScriptEnabled": true, "offline": false, "hideRfBrowser": false}</msg>
<msg timestamp="20210623 13:57:24.974" level="INFO">Successfully initialized new page object and opened url: https://app.idoklad.cz/Account/Login</msg>
<status status="PASS" starttime="20210623 13:57:08.318" endtime="20210623 13:57:24.977"/>
</kw>
<status status="PASS" starttime="20210623 13:57:08.275" endtime="20210623 13:57:24.978"/>
</kw>
<kw name="Login">
<arg>${USER_NAME}</arg>
<arg>${USER_PASSWORD}</arg>
<arg>${OVERENI}</arg>
<kw name="Get Title" library="Browser">
<arg>contains</arg>
<arg>přihlášení</arg>
<tag>Assertion</tag>
<tag>Getter</tag>
<tag>PageContent</tag>
<doc>Returns the title of the current page.</doc>
<status status="PASS" starttime="20210623 13:57:24.988" endtime="20210623 13:57:25.312"/>
</kw>
<kw name="Type Text" library="Browser">
<arg>css=#UserName</arg>
<arg>${email}</arg>
<tag>PageContent</tag>
<tag>Setter</tag>
<doc>Types the given ``txt`` into the text field found by ``selector``.</doc>
<msg timestamp="20210623 13:57:25.313" level="INFO">Types the text 'olejova.zena@seznam.cz' in the given field.</msg>
<status status="PASS" starttime="20210623 13:57:25.312" endtime="20210623 13:57:26.872"/>
</kw>
<kw name="Type Text" library="Browser">
<arg>xpath=//input[@id='Password']</arg>
<arg>${heslo}</arg>
<tag>PageContent</tag>
<tag>Setter</tag>
<doc>Types the given ``txt`` into the text field found by ``selector``.</doc>
<msg timestamp="20210623 13:57:26.874" level="INFO">Types the text 'Samsung33' in the given field.</msg>
<status status="PASS" starttime="20210623 13:57:26.873" endtime="20210623 13:57:27.357"/>
</kw>
<kw name="Click" library="Browser">
<arg>id=csw-login-button</arg>
<tag>PageContent</tag>
<tag>Setter</tag>
<doc>Simulates mouse click on the element found by ``selector``.</doc>
<status status="PASS" starttime="20210623 13:57:27.360" endtime="20210623 13:57:29.463"/>
</kw>
<kw name="Get Text" library="Browser">
<arg>id=csw-fast-step-new-invoice-button</arg>
<arg>==</arg>
<arg>${validation}</arg>
<tag>Assertion</tag>
<tag>Getter</tag>
<tag>PageContent</tag>
<doc>Returns text attribute of the element found by ``selector``.
See the `Finding elements` section for details about the selectors.</doc>
<status status="PASS" starttime="20210623 13:57:29.463" endtime="20210623 13:57:36.385"/>
</kw>
<kw name="Get Text" library="Browser">
<var>${log}</var>
<arg>id=csw-fast-step-new-invoice-button</arg>
<tag>Assertion</tag>
<tag>Getter</tag>
<tag>PageContent</tag>
<doc>Returns text attribute of the element found by ``selector``.
See the `Finding elements` section for details about the selectors.</doc>
<msg timestamp="20210623 13:57:39.206" level="INFO">${log} = Nová faktura</msg>
<status status="PASS" starttime="20210623 13:57:36.386" endtime="20210623 13:57:39.207"/>
</kw>
<kw name="Log" library="BuiltIn">
<arg>${log}</arg>
<doc>Logs the given message with the given level.</doc>
<msg timestamp="20210623 13:57:39.210" level="INFO">Nová faktura</msg>
<status status="PASS" starttime="20210623 13:57:39.208" endtime="20210623 13:57:39.210"/>
</kw>
<kw name="Take Screenshot" library="Browser">
<tag>PageContent</tag>
<doc>Takes a screenshot of the current window and saves it.</doc>
<msg timestamp="20210623 13:57:40.274" level="INFO" html="true">&lt;/td&gt;&lt;/tr&gt;&lt;tr&gt;&lt;td colspan="3"&gt;&lt;a href="browser/screenshot/robotframework-browser-screenshot-1.png"&gt;&lt;img src="browser/screenshot/robotframework-browser-screenshot-1.png" width="800px"&gt;&lt;/a&gt;</msg>
<status status="PASS" starttime="20210623 13:57:39.211" endtime="20210623 13:57:40.274"/>
</kw>
<status status="PASS" starttime="20210623 13:57:24.986" endtime="20210623 13:57:40.275"/>
</kw>
<status status="PASS" starttime="20210623 13:57:08.267" endtime="20210623 13:57:40.276"/>
</test>
<test id="s1-t2" name="Prihlaseni bad user name">
<kw name="Pred_testem" type="SETUP">
<kw name="Set Browser Timeout" library="Browser">
<var>${b_timeput}</var>
<arg>60</arg>
<tag>Config</tag>
<tag>Setter</tag>
<doc>Sets the timeout used by most input and getter keywords.</doc>
<msg timestamp="20210623 13:57:41.399" level="INFO">No context open.</msg>
<msg timestamp="20210623 13:57:41.400" level="INFO">${b_timeput} = 1 minute</msg>
<status status="PASS" starttime="20210623 13:57:41.393" endtime="20210623 13:57:41.400"/>
</kw>
<kw name="Log" library="BuiltIn">
<arg>${b_timeput}</arg>
<doc>Logs the given message with the given level.</doc>
<msg timestamp="20210623 13:57:41.401" level="INFO">1 minute</msg>
<status status="PASS" starttime="20210623 13:57:41.400" endtime="20210623 13:57:41.401"/>
</kw>
<kw name="Open Browser" library="Browser">
<arg>${URL}</arg>
<tag>BrowserControl</tag>
<tag>Setter</tag>
<doc>Opens a new browser instance. Use this keyword for quick experiments or debugging sessions.
Use `New Page` directly instead of `Open Browser` for production and automated execution.
See `Browser, Context and Page` for more information about Browser and related concepts.</doc>
<msg timestamp="20210623 13:57:41.403" level="WARN">Open Browser is for quick experimentation and debugging only. Use New Page for production.</msg>
<msg timestamp="20210623 13:57:41.795" level="INFO">{"browser": "chromium", "headless": false, "handleSIGINT": true, "handleSIGTERM": true, "handleSIGHUP": true, "timeout": 30000.0, "devtools": false, "slowMo": 0.0}</msg>
<msg timestamp="20210623 13:57:44.233" level="INFO">Successfully created browser with options: {"browser":"chromium","headless":false,"handleSIGINT":true,"handleSIGTERM":true,"handleSIGHUP":true,"timeout":30000,"devtools":false,"slowMo":0}</msg>
<msg timestamp="20210623 13:57:44.235" level="INFO">{"acceptDownloads": false, "ignoreHTTPSErrors": false, "bypassCSP": false, "deviceScaleFactor": 1.0, "isMobile": false, "hasTouch": false, "javaScriptEnabled": true, "offline": false, "hideRfBrowser": false}</msg>
<msg timestamp="20210623 13:57:44.320" level="INFO">Successfully created context with  options:
{"acceptDownloads": false, "ignoreHTTPSErrors": false, "bypassCSP": false, "deviceScaleFactor": 1, "isMobile": false, "hasTouch": false, "javaScriptEnabled": true, "offline": false, "hideRfBrowser": false}</msg>
<msg timestamp="20210623 13:57:51.793" level="INFO">Successfully initialized new page object and opened url: https://app.idoklad.cz/Account/Login</msg>
<status status="PASS" starttime="20210623 13:57:41.401" endtime="20210623 13:57:51.794"/>
</kw>
<status status="PASS" starttime="20210623 13:57:41.392" endtime="20210623 13:57:51.794"/>
</kw>
<kw name="Login2">
<arg>${USER_NAME1}</arg>
<arg>${USER_PASSWORD}</arg>
<arg>${OVERENI1}</arg>
<kw name="Get Title" library="Browser">
<arg>contains</arg>
<arg>přihlášení</arg>
<tag>Assertion</tag>
<tag>Getter</tag>
<tag>PageContent</tag>
<doc>Returns the title of the current page.</doc>
<status status="PASS" starttime="20210623 13:57:51.827" endtime="20210623 13:57:52.539"/>
</kw>
<kw name="Type Text" library="Browser">
<arg>css=#UserName</arg>
<arg>${email}</arg>
<tag>PageContent</tag>
<tag>Setter</tag>
<doc>Types the given ``txt`` into the text field found by ``selector``.</doc>
<msg timestamp="20210623 13:57:52.541" level="INFO">Types the text 'hloupost@seznam.cz' in the given field.</msg>
<status status="PASS" starttime="20210623 13:57:52.540" endtime="20210623 13:57:53.231"/>
</kw>
<kw name="Type Text" library="Browser">
<arg>xpath=//input[@id='Password']</arg>
<arg>${heslo}</arg>
<tag>PageContent</tag>
<tag>Setter</tag>
<doc>Types the given ``txt`` into the text field found by ``selector``.</doc>
<msg timestamp="20210623 13:57:53.233" level="INFO">Types the text 'Samsung33' in the given field.</msg>
<status status="PASS" starttime="20210623 13:57:53.232" endtime="20210623 13:57:53.868"/>
</kw>
<kw name="Click" library="Browser">
<arg>id=csw-login-button</arg>
<tag>PageContent</tag>
<tag>Setter</tag>
<doc>Simulates mouse click on the element found by ``selector``.</doc>
<status status="PASS" starttime="20210623 13:57:53.868" endtime="20210623 13:57:55.297"/>
</kw>
<kw name="Get Text" library="Browser">
<arg>id=csw-register-button</arg>
<arg>==</arg>
<arg>${validation}</arg>
<tag>Assertion</tag>
<tag>Getter</tag>
<tag>PageContent</tag>
<doc>Returns text attribute of the element found by ``selector``.
See the `Finding elements` section for details about the selectors.</doc>
<status status="PASS" starttime="20210623 13:57:55.297" endtime="20210623 13:57:57.992"/>
</kw>
<kw name="Get Text" library="Browser">
<var>${log}</var>
<arg>id=csw-register-button</arg>
<tag>Assertion</tag>
<tag>Getter</tag>
<tag>PageContent</tag>
<doc>Returns text attribute of the element found by ``selector``.
See the `Finding elements` section for details about the selectors.</doc>
<msg timestamp="20210623 13:57:58.866" level="INFO">${log} = Registrace</msg>
<status status="PASS" starttime="20210623 13:57:57.993" endtime="20210623 13:57:58.866"/>
</kw>
<kw name="Log" library="BuiltIn">
<arg>${log}</arg>
<doc>Logs the given message with the given level.</doc>
<msg timestamp="20210623 13:57:58.867" level="INFO">Registrace</msg>
<status status="PASS" starttime="20210623 13:57:58.866" endtime="20210623 13:57:58.867"/>
</kw>
<kw name="Take Screenshot" library="Browser">
<tag>PageContent</tag>
<doc>Takes a screenshot of the current window and saves it.</doc>
<msg timestamp="20210623 13:57:59.615" level="INFO" html="true">&lt;/td&gt;&lt;/tr&gt;&lt;tr&gt;&lt;td colspan="3"&gt;&lt;a href="browser/screenshot/robotframework-browser-screenshot-2.png"&gt;&lt;img src="browser/screenshot/robotframework-browser-screenshot-2.png" width="800px"&gt;&lt;/a&gt;</msg>
<status status="PASS" starttime="20210623 13:57:58.867" endtime="20210623 13:57:59.615"/>
</kw>
<status status="PASS" starttime="20210623 13:57:51.825" endtime="20210623 13:57:59.615"/>
</kw>
<status status="PASS" starttime="20210623 13:57:41.218" endtime="20210623 13:57:59.617"/>
</test>
<test id="s1-t3" name="Prihlaseni bad password">
<kw name="Pred_testem" type="SETUP">
<kw name="Set Browser Timeout" library="Browser">
<var>${b_timeput}</var>
<arg>60</arg>
<tag>Config</tag>
<tag>Setter</tag>
<doc>Sets the timeout used by most input and getter keywords.</doc>
<msg timestamp="20210623 13:58:00.175" level="INFO">No context open.</msg>
<msg timestamp="20210623 13:58:00.176" level="INFO">${b_timeput} = 1 minute</msg>
<status status="PASS" starttime="20210623 13:58:00.164" endtime="20210623 13:58:00.176"/>
</kw>
<kw name="Log" library="BuiltIn">
<arg>${b_timeput}</arg>
<doc>Logs the given message with the given level.</doc>
<msg timestamp="20210623 13:58:00.177" level="INFO">1 minute</msg>
<status status="PASS" starttime="20210623 13:58:00.176" endtime="20210623 13:58:00.177"/>
</kw>
<kw name="Open Browser" library="Browser">
<arg>${URL}</arg>
<tag>BrowserControl</tag>
<tag>Setter</tag>
<doc>Opens a new browser instance. Use this keyword for quick experiments or debugging sessions.
Use `New Page` directly instead of `Open Browser` for production and automated execution.
See `Browser, Context and Page` for more information about Browser and related concepts.</doc>
<msg timestamp="20210623 13:58:00.179" level="WARN">Open Browser is for quick experimentation and debugging only. Use New Page for production.</msg>
<msg timestamp="20210623 13:58:00.200" level="INFO">{"browser": "chromium", "headless": false, "handleSIGINT": true, "handleSIGTERM": true, "handleSIGHUP": true, "timeout": 30000.0, "devtools": false, "slowMo": 0.0}</msg>
<msg timestamp="20210623 13:58:02.206" level="INFO">Successfully created browser with options: {"browser":"chromium","headless":false,"handleSIGINT":true,"handleSIGTERM":true,"handleSIGHUP":true,"timeout":30000,"devtools":false,"slowMo":0}</msg>
<msg timestamp="20210623 13:58:02.208" level="INFO">{"acceptDownloads": false, "ignoreHTTPSErrors": false, "bypassCSP": false, "deviceScaleFactor": 1.0, "isMobile": false, "hasTouch": false, "javaScriptEnabled": true, "offline": false, "hideRfBrowser": false}</msg>
<msg timestamp="20210623 13:58:02.244" level="INFO">Successfully created context with  options:
{"acceptDownloads": false, "ignoreHTTPSErrors": false, "bypassCSP": false, "deviceScaleFactor": 1, "isMobile": false, "hasTouch": false, "javaScriptEnabled": true, "offline": false, "hideRfBrowser": false}</msg>
<msg timestamp="20210623 13:58:10.708" level="INFO">Successfully initialized new page object and opened url: https://app.idoklad.cz/Account/Login</msg>
<status status="PASS" starttime="20210623 13:58:00.178" endtime="20210623 13:58:10.709"/>
</kw>
<status status="PASS" starttime="20210623 13:58:00.162" endtime="20210623 13:58:10.710"/>
</kw>
<kw name="Login2">
<arg>${USER_NAME}</arg>
<arg>${USER_PASSWORD1}</arg>
<arg>${OVERENI1}</arg>
<kw name="Get Title" library="Browser">
<arg>contains</arg>
<arg>přihlášení</arg>
<tag>Assertion</tag>
<tag>Getter</tag>
<tag>PageContent</tag>
<doc>Returns the title of the current page.</doc>
<status status="PASS" starttime="20210623 13:58:10.732" endtime="20210623 13:58:11.375"/>
</kw>
<kw name="Type Text" library="Browser">
<arg>css=#UserName</arg>
<arg>${email}</arg>
<tag>PageContent</tag>
<tag>Setter</tag>
<doc>Types the given ``txt`` into the text field found by ``selector``.</doc>
<msg timestamp="20210623 13:58:11.377" level="INFO">Types the text 'olejova.zena@seznam.cz' in the given field.</msg>
<status status="PASS" starttime="20210623 13:58:11.376" endtime="20210623 13:58:12.604"/>
</kw>
<kw name="Type Text" library="Browser">
<arg>xpath=//input[@id='Password']</arg>
<arg>${heslo}</arg>
<tag>PageContent</tag>
<tag>Setter</tag>
<doc>Types the given ``txt`` into the text field found by ``selector``.</doc>
<msg timestamp="20210623 13:58:12.615" level="INFO">Types the text 'stalosejejda' in the given field.</msg>
<status status="PASS" starttime="20210623 13:58:12.604" endtime="20210623 13:58:14.333"/>
</kw>
<kw name="Click" library="Browser">
<arg>id=csw-login-button</arg>
<tag>PageContent</tag>
<tag>Setter</tag>
<doc>Simulates mouse click on the element found by ``selector``.</doc>
<status status="PASS" starttime="20210623 13:58:14.334" endtime="20210623 13:58:16.656"/>
</kw>
<kw name="Get Text" library="Browser">
<arg>id=csw-register-button</arg>
<arg>==</arg>
<arg>${validation}</arg>
<tag>Assertion</tag>
<tag>Getter</tag>
<tag>PageContent</tag>
<doc>Returns text attribute of the element found by ``selector``.
See the `Finding elements` section for details about the selectors.</doc>
<status status="PASS" starttime="20210623 13:58:16.656" endtime="20210623 13:58:18.866"/>
</kw>
<kw name="Get Text" library="Browser">
<var>${log}</var>
<arg>id=csw-register-button</arg>
<tag>Assertion</tag>
<tag>Getter</tag>
<tag>PageContent</tag>
<doc>Returns text attribute of the element found by ``selector``.
See the `Finding elements` section for details about the selectors.</doc>
<msg timestamp="20210623 13:58:19.032" level="INFO">${log} = Registrace</msg>
<status status="PASS" starttime="20210623 13:58:18.866" endtime="20210623 13:58:19.032"/>
</kw>
<kw name="Log" library="BuiltIn">
<arg>${log}</arg>
<doc>Logs the given message with the given level.</doc>
<msg timestamp="20210623 13:58:19.033" level="INFO">Registrace</msg>
<status status="PASS" starttime="20210623 13:58:19.033" endtime="20210623 13:58:19.033"/>
</kw>
<kw name="Take Screenshot" library="Browser">
<tag>PageContent</tag>
<doc>Takes a screenshot of the current window and saves it.</doc>
<msg timestamp="20210623 13:58:20.042" level="INFO" html="true">&lt;/td&gt;&lt;/tr&gt;&lt;tr&gt;&lt;td colspan="3"&gt;&lt;a href="browser/screenshot/robotframework-browser-screenshot-3.png"&gt;&lt;img src="browser/screenshot/robotframework-browser-screenshot-3.png" width="800px"&gt;&lt;/a&gt;</msg>
<status status="PASS" starttime="20210623 13:58:19.034" endtime="20210623 13:58:20.042"/>
</kw>
<status status="PASS" starttime="20210623 13:58:10.730" endtime="20210623 13:58:20.043"/>
</kw>
<status status="PASS" starttime="20210623 13:58:00.150" endtime="20210623 13:58:20.044"/>
</test>
<test id="s1-t4" name="Prihlaseni empty">
<kw name="Pred_testem" type="SETUP">
<kw name="Set Browser Timeout" library="Browser">
<var>${b_timeput}</var>
<arg>60</arg>
<tag>Config</tag>
<tag>Setter</tag>
<doc>Sets the timeout used by most input and getter keywords.</doc>
<msg timestamp="20210623 13:58:20.594" level="INFO">No context open.</msg>
<msg timestamp="20210623 13:58:20.594" level="INFO">${b_timeput} = 1 minute</msg>
<status status="PASS" starttime="20210623 13:58:20.576" endtime="20210623 13:58:20.594"/>
</kw>
<kw name="Log" library="BuiltIn">
<arg>${b_timeput}</arg>
<doc>Logs the given message with the given level.</doc>
<msg timestamp="20210623 13:58:20.596" level="INFO">1 minute</msg>
<status status="PASS" starttime="20210623 13:58:20.595" endtime="20210623 13:58:20.596"/>
</kw>
<kw name="Open Browser" library="Browser">
<arg>${URL}</arg>
<tag>BrowserControl</tag>
<tag>Setter</tag>
<doc>Opens a new browser instance. Use this keyword for quick experiments or debugging sessions.
Use `New Page` directly instead of `Open Browser` for production and automated execution.
See `Browser, Context and Page` for more information about Browser and related concepts.</doc>
<msg timestamp="20210623 13:58:20.605" level="WARN">Open Browser is for quick experimentation and debugging only. Use New Page for production.</msg>
<msg timestamp="20210623 13:58:20.657" level="INFO">{"browser": "chromium", "headless": false, "handleSIGINT": true, "handleSIGTERM": true, "handleSIGHUP": true, "timeout": 30000.0, "devtools": false, "slowMo": 0.0}</msg>
<msg timestamp="20210623 13:58:22.913" level="INFO">Successfully created browser with options: {"browser":"chromium","headless":false,"handleSIGINT":true,"handleSIGTERM":true,"handleSIGHUP":true,"timeout":30000,"devtools":false,"slowMo":0}</msg>
<msg timestamp="20210623 13:58:22.914" level="INFO">{"acceptDownloads": false, "ignoreHTTPSErrors": false, "bypassCSP": false, "deviceScaleFactor": 1.0, "isMobile": false, "hasTouch": false, "javaScriptEnabled": true, "offline": false, "hideRfBrowser": false}</msg>
<msg timestamp="20210623 13:58:23.031" level="INFO">Successfully created context with  options:
{"acceptDownloads": false, "ignoreHTTPSErrors": false, "bypassCSP": false, "deviceScaleFactor": 1, "isMobile": false, "hasTouch": false, "javaScriptEnabled": true, "offline": false, "hideRfBrowser": false}</msg>
<msg timestamp="20210623 13:58:33.954" level="INFO">Successfully initialized new page object and opened url: https://app.idoklad.cz/Account/Login</msg>
<status status="PASS" starttime="20210623 13:58:20.597" endtime="20210623 13:58:33.954"/>
</kw>
<status status="PASS" starttime="20210623 13:58:20.561" endtime="20210623 13:58:33.955"/>
</kw>
<kw name="Login3">
<arg>${OVERENI1}</arg>
<kw name="Get Title" library="Browser">
<arg>contains</arg>
<arg>přihlášení</arg>
<tag>Assertion</tag>
<tag>Getter</tag>
<tag>PageContent</tag>
<doc>Returns the title of the current page.</doc>
<status status="PASS" starttime="20210623 13:58:34.400" endtime="20210623 13:58:34.975"/>
</kw>
<kw name="Click" library="Browser">
<arg>id=csw-login-button</arg>
<tag>PageContent</tag>
<tag>Setter</tag>
<doc>Simulates mouse click on the element found by ``selector``.</doc>
<status status="PASS" starttime="20210623 13:58:34.975" endtime="20210623 13:58:35.964"/>
</kw>
<kw name="Get Text" library="Browser">
<arg>id=csw-register-button</arg>
<arg>==</arg>
<arg>${validation}</arg>
<tag>Assertion</tag>
<tag>Getter</tag>
<tag>PageContent</tag>
<doc>Returns text attribute of the element found by ``selector``.
See the `Finding elements` section for details about the selectors.</doc>
<status status="PASS" starttime="20210623 13:58:35.964" endtime="20210623 13:58:36.339"/>
</kw>
<kw name="Get Text" library="Browser">
<var>${log}</var>
<arg>id=csw-register-button</arg>
<tag>Assertion</tag>
<tag>Getter</tag>
<tag>PageContent</tag>
<doc>Returns text attribute of the element found by ``selector``.
See the `Finding elements` section for details about the selectors.</doc>
<msg timestamp="20210623 13:58:36.459" level="INFO">${log} = Registrace</msg>
<status status="PASS" starttime="20210623 13:58:36.340" endtime="20210623 13:58:36.459"/>
</kw>
<kw name="Log" library="BuiltIn">
<arg>${log}</arg>
<doc>Logs the given message with the given level.</doc>
<msg timestamp="20210623 13:58:36.461" level="INFO">Registrace</msg>
<status status="PASS" starttime="20210623 13:58:36.460" endtime="20210623 13:58:36.461"/>
</kw>
<kw name="Take Screenshot" library="Browser">
<tag>PageContent</tag>
<doc>Takes a screenshot of the current window and saves it.</doc>
<msg timestamp="20210623 13:58:39.981" level="INFO" html="true">&lt;/td&gt;&lt;/tr&gt;&lt;tr&gt;&lt;td colspan="3"&gt;&lt;a href="browser/screenshot/robotframework-browser-screenshot-4.png"&gt;&lt;img src="browser/screenshot/robotframework-browser-screenshot-4.png" width="800px"&gt;&lt;/a&gt;</msg>
<status status="PASS" starttime="20210623 13:58:36.461" endtime="20210623 13:58:39.981"/>
</kw>
<status status="PASS" starttime="20210623 13:58:34.397" endtime="20210623 13:58:39.982"/>
</kw>
<status status="PASS" starttime="20210623 13:58:20.526" endtime="20210623 13:58:40.111"/>
</test>
<kw name="Uklid" type="TEARDOWN">
<kw name="Close Browser" library="Browser">
<tag>BrowserControl</tag>
<tag>Setter</tag>
<doc>Closes the current browser. Activated browser is set to first active browser.
Closes all context and pages belonging to this browser.
See `Browser, Context and Page` for more information about Browser and related concepts.</doc>
<msg timestamp="20210623 13:58:43.224" level="INFO">Closed browser</msg>
<status status="PASS" starttime="20210623 13:58:41.519" endtime="20210623 13:58:43.225"/>
</kw>
<status status="PASS" starttime="20210623 13:58:41.519" endtime="20210623 13:58:43.225"/>
</kw>
<doc>Automatizace idoklad.cz s BrowserLibrary</doc>
<status status="PASS" starttime="20210623 13:57:03.948" endtime="20210623 13:58:43.225"/>
</suite>
<statistics>
<total>
<stat pass="4" fail="0" skip="0">All Tests</stat>
</total>
<tag>
</tag>
<suite>
<stat pass="4" fail="0" skip="0" id="s1" name="Projekt">Projekt</stat>
</suite>
</statistics>
<errors>
<msg timestamp="20210623 13:57:08.319" level="WARN">Open Browser is for quick experimentation and debugging only. Use New Page for production.</msg>
<msg timestamp="20210623 13:57:41.403" level="WARN">Open Browser is for quick experimentation and debugging only. Use New Page for production.</msg>
<msg timestamp="20210623 13:58:00.179" level="WARN">Open Browser is for quick experimentation and debugging only. Use New Page for production.</msg>
<msg timestamp="20210623 13:58:20.605" level="WARN">Open Browser is for quick experimentation and debugging only. Use New Page for production.</msg>
</errors>
</robot>
