<?xml version="1.0" encoding="UTF-8"?>
<robot generator="Robot 4.0.3 (Python 3.9.5 on win32)" generated="20210605 17:38:33.947" rpa="false" schemaversion="2">
<suite id="s1" name="Projekt" source="D:\testování\kurz2\jak_automatizovat_testy-main\Ucastnici\Gabriela Zakova\lekce3\projekt.robot">
<test id="s1-t1" name="Prihlaseni success">
<kw name="Login">
<arg>olejova.zena@seznam.cz</arg>
<arg>Samsung33</arg>
<arg>Nová faktura</arg>
<kw name="New Page" library="Browser">
<arg>${URL}</arg>
<tag>BrowserControl</tag>
<tag>Setter</tag>
<doc>Open a new Page. A Page is the Playwright equivalent to a tab.
See `Browser, Context and Page` for more information about Page concept.
Returns a stable identifier for the created page.</doc>
<msg timestamp="20210605 17:38:43.674" level="INFO">Successfully initialized new page object and opened url: https://app.idoklad.cz/Account/Login</msg>
<msg timestamp="20210605 17:38:43.674" level="INFO">No browser and context was open. New browser and context was automatically opened when page is created.</msg>
<status status="PASS" starttime="20210605 17:38:36.676" endtime="20210605 17:38:43.674"/>
</kw>
<kw name="Get Title" library="Browser">
<arg>contains</arg>
<arg>přihlášení</arg>
<tag>Assertion</tag>
<tag>Getter</tag>
<tag>PageContent</tag>
<doc>Returns the title of the current page.</doc>
<status status="PASS" starttime="20210605 17:38:43.674" endtime="20210605 17:38:43.972"/>
</kw>
<kw name="Type Text" library="Browser">
<arg>css=#UserName</arg>
<arg>${email}</arg>
<tag>PageContent</tag>
<tag>Setter</tag>
<doc>Types the given ``txt`` into the text field found by ``selector``.</doc>
<msg timestamp="20210605 17:38:43.975" level="INFO">Types the text 'olejova.zena@seznam.cz' in the given field.</msg>
<status status="PASS" starttime="20210605 17:38:43.975" endtime="20210605 17:38:44.910"/>
</kw>
<kw name="Type Text" library="Browser">
<arg>xpath=//input[@id='Password']</arg>
<arg>${heslo}</arg>
<tag>PageContent</tag>
<tag>Setter</tag>
<doc>Types the given ``txt`` into the text field found by ``selector``.</doc>
<msg timestamp="20210605 17:38:44.912" level="INFO">Types the text 'Samsung33' in the given field.</msg>
<status status="PASS" starttime="20210605 17:38:44.911" endtime="20210605 17:38:45.161"/>
</kw>
<kw name="Click" library="Browser">
<arg>id=csw-login-button</arg>
<tag>PageContent</tag>
<tag>Setter</tag>
<doc>Simulates mouse click on the element found by ``selector``.</doc>
<status status="PASS" starttime="20210605 17:38:45.162" endtime="20210605 17:38:46.043"/>
</kw>
<kw name="Get Text" library="Browser">
<arg>id=csw-fast-step-new-invoice-button</arg>
<arg>==</arg>
<arg>${validation}</arg>
<tag>Assertion</tag>
<tag>Getter</tag>
<tag>PageContent</tag>
<doc>Returns text attribute of the element found by ``selector``.
See the `Finding elements` section for details about the selectors.</doc>
<status status="PASS" starttime="20210605 17:38:46.043" endtime="20210605 17:38:51.697"/>
</kw>
<kw name="Get Text" library="Browser">
<var>${log}</var>
<arg>id=csw-fast-step-new-invoice-button</arg>
<tag>Assertion</tag>
<tag>Getter</tag>
<tag>PageContent</tag>
<doc>Returns text attribute of the element found by ``selector``.
See the `Finding elements` section for details about the selectors.</doc>
<msg timestamp="20210605 17:38:51.817" level="INFO">${log} = Nová faktura</msg>
<status status="PASS" starttime="20210605 17:38:51.698" endtime="20210605 17:38:51.817"/>
</kw>
<kw name="Log" library="BuiltIn">
<arg>${log}</arg>
<doc>Logs the given message with the given level.</doc>
<msg timestamp="20210605 17:38:51.817" level="INFO">Nová faktura</msg>
<status status="PASS" starttime="20210605 17:38:51.817" endtime="20210605 17:38:51.817"/>
</kw>
<kw name="Take Screenshot" library="Browser">
<tag>PageContent</tag>
<doc>Takes a screenshot of the current window and saves it.</doc>
<msg timestamp="20210605 17:38:52.345" level="INFO" html="true">&lt;/td&gt;&lt;/tr&gt;&lt;tr&gt;&lt;td colspan="3"&gt;&lt;a href="browser/screenshot/robotframework-browser-screenshot-1.png"&gt;&lt;img src="browser/screenshot/robotframework-browser-screenshot-1.png" width="800px"&gt;&lt;/a&gt;</msg>
<status status="PASS" starttime="20210605 17:38:51.825" endtime="20210605 17:38:52.345"/>
</kw>
<status status="PASS" starttime="20210605 17:38:36.674" endtime="20210605 17:38:52.345"/>
</kw>
<status status="PASS" starttime="20210605 17:38:36.663" endtime="20210605 17:38:52.345"/>
</test>
<doc>Automatizace idoklad.cz s BrowserLibrary</doc>
<status status="PASS" starttime="20210605 17:38:33.955" endtime="20210605 17:38:53.148"/>
</suite>
<statistics>
<total>
<stat pass="1" fail="0" skip="0">All Tests</stat>
</total>
<tag>
</tag>
<suite>
<stat pass="1" fail="0" skip="0" id="s1" name="Projekt">Projekt</stat>
</suite>
</statistics>
<errors>
</errors>
</robot>
